<?xml version="1.0" encoding="UTF-8"?>
<!-- Generated by org.testng.reporters.JUnitXMLReporter -->
<testsuite ignored="0" hostname="DESKTOP-E80BVRS" failures="0" tests="4" name="Test" time="121.926" errors="0" timestamp="2023-03-30T10:28:11 IST">
  <testcase classname="tests.FourTest" name="fourTest" time="37.09"/>
  <testcase classname="tests.TwoTest" name="testTwo" time="13.807"/>
  <testcase classname="tests.ThreeTest" name="testThree" time="11.059"/>
  <testcase classname="tests.LoginTest" name="login" time="8.889"/>
</testsuite> <!-- Test -->
