<?xml version="1.0" encoding="UTF-8"?>
<!-- Generated by org.testng.reporters.JUnitXMLReporter -->
<testsuite ignored="0" hostname="DESKTOP-E80BVRS" failures="0" tests="5" name="Test" time="33.195" errors="0" timestamp="2023-03-29T17:48:00 IST">
  <testcase classname="tests.FourTest" name="fourTest" time="0.011"/>
  <testcase classname="tests.TwoTest" name="testTwo" time="0.003"/>
  <testcase classname="tests.ThreeTest" name="testThree" time="0.002"/>
  <testcase classname="tests.LoginTest" name="login" time="5.419"/>
  <testcase classname="tests.LoginTest" name="login" time="15.153"/>
</testsuite> <!-- Test -->
